Using pre-set license
Built from '2020.3/staging' branch; Version is '2020.3.5f1 (8095aa901b9b) revision 8426922'; Using compiler version '192528614'; Build Type 'Release'
OS: 'Windows 10 Education; OS build 18363.1500; Version 1909; 64bit' Language: 'ko' Physical Memory: 16330 MB
BatchMode: 1, IsHumanControllingUs: 0, StartBugReporterOnCrash: 0, Is64bit: 1, IsPro: 0

 COMMAND LINE ARGUMENTS:
D:\Unity\Hub\Editor\2020.3.5f1\Editor\Unity.exe
-adb2
-batchMode
-noUpm
-name
AssetImportWorker0
-projectPath
D:/projects/First
-logFile
Logs/AssetImportWorker0.log
-srvPort
61232
Successfully changed project path to: D:/projects/First
D:/projects/First
Using Asset Import Pipeline V2.
Refreshing native plugins compatible for Editor in 28.68 ms, found 0 plugins.
Preloading 0 native plugins for Editor in 0.00 ms.
Initialize engine version: 2020.3.5f1 (8095aa901b9b)
[Subsystems] Discovering subsystems at path D:/Unity/Hub/Editor/2020.3.5f1/Editor/Data/Resources/UnitySubsystems
[Subsystems] Discovering subsystems at path D:/projects/First/Assets
GfxDevice: creating device client; threaded=0
Direct3D:
    Version:  Direct3D 11.0 [level 11.1]
    Renderer: NVIDIA GeForce GTX 1060 3GB (ID=0x1c02)
    Vendor:   
    VRAM:     2988 MB
    Driver:   27.21.14.5671
Initialize mono
Mono path[0] = 'D:/Unity/Hub/Editor/2020.3.5f1/Editor/Data/Managed'
Mono path[1] = 'D:/Unity/Hub/Editor/2020.3.5f1/Editor/Data/MonoBleedingEdge/lib/mono/unityjit'
Mono config path = 'D:/Unity/Hub/Editor/2020.3.5f1/Editor/Data/MonoBleedingEdge/etc'
Using monoOptions --debugger-agent=transport=dt_socket,embedding=1,server=y,suspend=n,address=127.0.0.1:56740
Begin MonoManager ReloadAssembly
Registering precompiled unity dll's ...
Register platform support module: D:/Unity/Hub/Editor/2020.3.5f1/Editor/Data/PlaybackEngines/WebGLSupport/UnityEditor.WebGL.Extensions.dll
Register platform support module: D:/Unity/Hub/Editor/2020.3.5f1/Editor/Data/PlaybackEngines/WindowsStandaloneSupport/UnityEditor.WindowsStandalone.Extensions.dll
Registered in 0.001263 seconds.
Native extension for WindowsStandalone target not found
Native extension for WebGL target not found
Refreshing native plugins compatible for Editor in 20.73 ms, found 0 plugins.
Preloading 0 native plugins for Editor in 0.00 ms.
Mono: successfully reloaded assembly
- Completed reload, in  1.895 seconds
Platform modules already initialized, skipping
Registering precompiled user dll's ...
Registered in 0.000469 seconds.
Begin MonoManager ReloadAssembly
Native extension for WindowsStandalone target not found
Native extension for WebGL target not found
Refreshing native plugins compatible for Editor in 0.23 ms, found 0 plugins.
Preloading 0 native plugins for Editor in 0.00 ms.
Mono: successfully reloaded assembly
- Completed reload, in  0.828 seconds
Platform modules already initialized, skipping
========================================================================
Worker process is ready to serve import requests
Launched and connected shader compiler UnityShaderCompiler.exe after 0.18 seconds
Refreshing native plugins compatible for Editor in 0.34 ms, found 0 plugins.
Preloading 0 native plugins for Editor in 0.00 ms.
Unloading 1115 Unused Serialized files (Serialized files now loaded: 0)
System memory in use before: 59.7 MB.
System memory in use after: 59.8 MB.

Unloading 10 unused Assets to reduce memory usage. Loaded Objects now: 1557.
Total: 2.273500 ms (FindLiveObjects: 0.235300 ms CreateObjectMapping: 0.133200 ms MarkObjects: 1.817000 ms  DeleteObjects: 0.086800 ms)

========================================================================
Received Import Request.
  path: Assets
  artifactKey: Guid(00000000000000001000000000000000) Importer(815301076,1909f56bfc062723c751e8b465ee728b)
Start importing Assets using Guid(00000000000000001000000000000000) Importer(815301076,1909f56bfc062723c751e8b465ee728b)  -> (artifact id: 'e4856052512617ee48189cf1d7999900') in 0.016489 seconds
  Import took 0.043387 seconds .

========================================================================
Received Import Request.
  Time since last request: 11.695035 seconds.
  path: Assets/Materials
  artifactKey: Guid(0e7f91c4145610c43b6df3e7a08db3c8) Importer(815301076,1909f56bfc062723c751e8b465ee728b)
Start importing Assets/Materials using Guid(0e7f91c4145610c43b6df3e7a08db3c8) Importer(815301076,1909f56bfc062723c751e8b465ee728b)  -> (artifact id: '11bf77557e4fcab30199247a1abc8840') in 0.003225 seconds
  Import took 0.011911 seconds .

========================================================================
Received Import Request.
  Time since last request: 402.260073 seconds.
  path: Assets/Scenes
  artifactKey: Guid(d6fc577441c222643a257351dccd8c5b) Importer(815301076,1909f56bfc062723c751e8b465ee728b)
Start importing Assets/Scenes using Guid(d6fc577441c222643a257351dccd8c5b) Importer(815301076,1909f56bfc062723c751e8b465ee728b)  -> (artifact id: 'f68e86121ab101dd2d06905b5b17cc58') in 0.002951 seconds
  Import took 0.016764 seconds .

========================================================================
Received Import Request.
  Time since last request: 1569.949417 seconds.
  path: Assets/Tree.prefab
  artifactKey: Guid(691edee70a5e4c54481df3a46e54c10a) Importer(815301076,1909f56bfc062723c751e8b465ee728b)
Start importing Assets/Tree.prefab using Guid(691edee70a5e4c54481df3a46e54c10a) Importer(815301076,1909f56bfc062723c751e8b465ee728b)  -> (artifact id: '5c5b5d0adf7a0a28f1610b44c5d9458e') in 0.478581 seconds
  Import took 0.495000 seconds .

========================================================================
Received Import Request.
  Time since last request: 987.303683 seconds.
  path: Assets/Tree_Textures
  artifactKey: Guid(1faf92155a8d5414393ad48914f2c430) Importer(815301076,1909f56bfc062723c751e8b465ee728b)
Start importing Assets/Tree_Textures using Guid(1faf92155a8d5414393ad48914f2c430) Importer(815301076,1909f56bfc062723c751e8b465ee728b)  -> (artifact id: '4ff2491a5037a0f46ed53005b426430b') in 0.002961 seconds
  Import took 0.005623 seconds .

========================================================================
Received Import Request.
  Time since last request: 111.598596 seconds.
  path: Assets/Texture
  artifactKey: Guid(e1270afc378fcac42bc7918f9d7093ad) Importer(815301076,1909f56bfc062723c751e8b465ee728b)
Start importing Assets/Texture using Guid(e1270afc378fcac42bc7918f9d7093ad) Importer(815301076,1909f56bfc062723c751e8b465ee728b)  -> (artifact id: '967c365baf51269ea43a5137d1cbd9d0') in 0.002721 seconds
  Import took 0.004967 seconds .

========================================================================
Received Import Request.
  Time since last request: 86.342152 seconds.
  path: Assets/Texture/5bddba7b6574b95d37b6079c199d7101.jpg.crdownload
  artifactKey: Guid(6324f5202cca37c45a06794aca528e53) Importer(815301076,1909f56bfc062723c751e8b465ee728b)
Start importing Assets/Texture/5bddba7b6574b95d37b6079c199d7101.jpg.crdownload using Guid(6324f5202cca37c45a06794aca528e53) Importer(815301076,1909f56bfc062723c751e8b465ee728b)  -> (artifact id: 'd4797728aa1eaa31d6021a72d61a482e') in 0.005667 seconds
  Import took 0.008649 seconds .

========================================================================
Received Import Request.
  Time since last request: 32.195848 seconds.
  path: Assets/New Terrain.asset
  artifactKey: Guid(d3e7b58547f5be24cb73255e6eaca506) Importer(815301076,1909f56bfc062723c751e8b465ee728b)
Start importing Assets/New Terrain.asset using Guid(d3e7b58547f5be24cb73255e6eaca506) Importer(815301076,1909f56bfc062723c751e8b465ee728b)  -> (artifact id: 'd64b1e7bf612d953b0fbb6b8ff7ea0ca') in 0.017475 seconds
  Import took 0.036825 seconds .

========================================================================
Received Import Request.
  Time since last request: 81.667590 seconds.
  path: Assets/Texture/chick.jpg
  artifactKey: Guid(f036b04ebcc903d42bffe3aa09b224f7) Importer(815301076,1909f56bfc062723c751e8b465ee728b)
Start importing Assets/Texture/chick.jpg using Guid(f036b04ebcc903d42bffe3aa09b224f7) Importer(815301076,1909f56bfc062723c751e8b465ee728b)  -> (artifact id: 'b0aef9141dcd818760f58966ce33901c') in 0.071350 seconds
  Import took 0.074984 seconds .

========================================================================
Received Import Request.
  Time since last request: 32.299220 seconds.
  path: Assets/Texture/chick.jpg
  artifactKey: Guid(f036b04ebcc903d42bffe3aa09b224f7) Importer(815301076,1909f56bfc062723c751e8b465ee728b)
Start importing Assets/Texture/chick.jpg using Guid(f036b04ebcc903d42bffe3aa09b224f7) Importer(815301076,1909f56bfc062723c751e8b465ee728b)  -> (artifact id: '58a3177b76013f8090524036f735ed19') in 0.052188 seconds
  Import took 0.054728 seconds .

========================================================================
Received Import Request.
  Time since last request: 77.497720 seconds.
  path: Assets/Sprite
  artifactKey: Guid(7986a5b40478e5d4f93ad127334377b5) Importer(815301076,1909f56bfc062723c751e8b465ee728b)
Start importing Assets/Sprite using Guid(7986a5b40478e5d4f93ad127334377b5) Importer(815301076,1909f56bfc062723c751e8b465ee728b)  -> (artifact id: '0c01e420b693edbce219b19e5b90cfef') in 0.003948 seconds
  Import took 0.007020 seconds .

========================================================================
Received Import Request.
  Time since last request: 6.355907 seconds.
  path: Assets/Texture/chick 1.jpg
  artifactKey: Guid(27e46e127ca335440a373cc931a99a10) Importer(815301076,1909f56bfc062723c751e8b465ee728b)
Start importing Assets/Texture/chick 1.jpg using Guid(27e46e127ca335440a373cc931a99a10) Importer(815301076,1909f56bfc062723c751e8b465ee728b)  -> (artifact id: '3a493de9126ce792b2aa256dd2928de6') in 0.021139 seconds
  Import took 0.023779 seconds .

========================================================================
Received Import Request.
  Time since last request: 16.014440 seconds.
  path: Assets/Sprite/chick_sprite.jpg
  artifactKey: Guid(27e46e127ca335440a373cc931a99a10) Importer(815301076,1909f56bfc062723c751e8b465ee728b)
Start importing Assets/Sprite/chick_sprite.jpg using Guid(27e46e127ca335440a373cc931a99a10) Importer(815301076,1909f56bfc062723c751e8b465ee728b)  -> (artifact id: '9851ffebd16b5d54ce5136c9a69b1641') in 0.015128 seconds
  Import took 0.018017 seconds .

========================================================================
Received Import Request.
  Time since last request: 8.432308 seconds.
  path: Assets/Texture/chick.jpg
  artifactKey: Guid(f036b04ebcc903d42bffe3aa09b224f7) Importer(815301076,1909f56bfc062723c751e8b465ee728b)
Start importing Assets/Texture/chick.jpg using Guid(f036b04ebcc903d42bffe3aa09b224f7) Importer(815301076,1909f56bfc062723c751e8b465ee728b)  -> (artifact id: '803a3b49b3fc1cf0005d2a2a2b54f463') in 0.017885 seconds
  Import took 0.020139 seconds .

========================================================================
Received Import Request.
  Time since last request: 7.203000 seconds.
  path: Assets/Texture/chic_texture.jpg
  artifactKey: Guid(f036b04ebcc903d42bffe3aa09b224f7) Importer(815301076,1909f56bfc062723c751e8b465ee728b)
Start importing Assets/Texture/chic_texture.jpg using Guid(f036b04ebcc903d42bffe3aa09b224f7) Importer(815301076,1909f56bfc062723c751e8b465ee728b)  -> (artifact id: '339fcfc1d4f5b17aca262ffe9e8d1e2e') in 0.012539 seconds
  Import took 0.015016 seconds .

========================================================================
Received Import Request.
  Time since last request: 7911.744794 seconds.
  path: Assets/Tree.prefab
  artifactKey: Guid(691edee70a5e4c54481df3a46e54c10a) Importer(815301076,1909f56bfc062723c751e8b465ee728b)
Start importing Assets/Tree.prefab using Guid(691edee70a5e4c54481df3a46e54c10a) Importer(815301076,1909f56bfc062723c751e8b465ee728b)  -> (artifact id: '07658ba26e24139a304814112b1ca79f') in 0.033457 seconds
  Import took 0.043289 seconds .

========================================================================
Received Import Request.
  Time since last request: 3.322767 seconds.
  path: Assets/Tree.prefab
  artifactKey: Guid(691edee70a5e4c54481df3a46e54c10a) Importer(815301076,1909f56bfc062723c751e8b465ee728b)
Start importing Assets/Tree.prefab using Guid(691edee70a5e4c54481df3a46e54c10a) Importer(815301076,1909f56bfc062723c751e8b465ee728b)  -> (artifact id: '3a2395f823b7bb26afe4d83dae53e70a') in 0.025791 seconds
  Import took 0.028180 seconds .

========================================================================
Received Import Request.
  Time since last request: 2.414842 seconds.
  path: Assets/Tree.prefab
  artifactKey: Guid(691edee70a5e4c54481df3a46e54c10a) Importer(815301076,1909f56bfc062723c751e8b465ee728b)
Start importing Assets/Tree.prefab using Guid(691edee70a5e4c54481df3a46e54c10a) Importer(815301076,1909f56bfc062723c751e8b465ee728b)  -> (artifact id: '81997849f342a189530565b6c0356ec2') in 0.020725 seconds
  Import took 0.023251 seconds .

========================================================================
Received Import Request.
  Time since last request: 2.208820 seconds.
  path: Assets/Tree.prefab
  artifactKey: Guid(691edee70a5e4c54481df3a46e54c10a) Importer(815301076,1909f56bfc062723c751e8b465ee728b)
Start importing Assets/Tree.prefab using Guid(691edee70a5e4c54481df3a46e54c10a) Importer(815301076,1909f56bfc062723c751e8b465ee728b)  -> (artifact id: 'fc922e7496db33e03b190969fb95f12b') in 0.022838 seconds
  Import took 0.025349 seconds .

========================================================================
Received Import Request.
  Time since last request: 5.653209 seconds.
  path: Assets/Tree.prefab
  artifactKey: Guid(691edee70a5e4c54481df3a46e54c10a) Importer(815301076,1909f56bfc062723c751e8b465ee728b)
Start importing Assets/Tree.prefab using Guid(691edee70a5e4c54481df3a46e54c10a) Importer(815301076,1909f56bfc062723c751e8b465ee728b)  -> (artifact id: '1eedc43937f37f01bc80c44de0fd2a3b') in 0.019801 seconds
  Import took 0.022307 seconds .

========================================================================
Received Prepare
Registering precompiled user dll's ...
Registered in 0.000566 seconds.
Begin MonoManager ReloadAssembly
Native extension for WindowsStandalone target not found
Native extension for WebGL target not found
Refreshing native plugins compatible for Editor in 0.23 ms, found 0 plugins.
Preloading 0 native plugins for Editor in 0.00 ms.
Mono: successfully reloaded assembly
- Completed reload, in  0.789 seconds
Platform modules already initialized, skipping
Refreshing native plugins compatible for Editor in 0.24 ms, found 0 plugins.
Preloading 0 native plugins for Editor in 0.00 ms.
Unloading 1110 Unused Serialized files (Serialized files now loaded: 0)
System memory in use before: 64.5 MB.
System memory in use after: 64.0 MB.

Unloading 7 unused Assets to reduce memory usage. Loaded Objects now: 1611.
Total: 2.082900 ms (FindLiveObjects: 0.131800 ms CreateObjectMapping: 0.038200 ms MarkObjects: 1.490000 ms  DeleteObjects: 0.421400 ms)

========================================================================
Received Prepare
Registering precompiled user dll's ...
Registered in 0.000547 seconds.
Begin MonoManager ReloadAssembly
Native extension for WindowsStandalone target not found
Native extension for WebGL target not found
Refreshing native plugins compatible for Editor in 0.47 ms, found 0 plugins.
Preloading 0 native plugins for Editor in 0.00 ms.
Mono: successfully reloaded assembly
- Completed reload, in  0.882 seconds
Platform modules already initialized, skipping
Refreshing native plugins compatible for Editor in 0.24 ms, found 0 plugins.
Preloading 0 native plugins for Editor in 0.00 ms.
Unloading 1110 Unused Serialized files (Serialized files now loaded: 0)
System memory in use before: 64.0 MB.
System memory in use after: 64.0 MB.

Unloading 5 unused Assets to reduce memory usage. Loaded Objects now: 1614.
Total: 2.033000 ms (FindLiveObjects: 0.240100 ms CreateObjectMapping: 0.055100 ms MarkObjects: 1.687700 ms  DeleteObjects: 0.048600 ms)

========================================================================
Received Prepare
Registering precompiled user dll's ...
Registered in 0.001107 seconds.
Begin MonoManager ReloadAssembly
Native extension for WindowsStandalone target not found
Native extension for WebGL target not found
Refreshing native plugins compatible for Editor in 0.23 ms, found 0 plugins.
Preloading 0 native plugins for Editor in 0.00 ms.
Mono: successfully reloaded assembly
- Completed reload, in  0.841 seconds
Platform modules already initialized, skipping
Refreshing native plugins compatible for Editor in 0.26 ms, found 0 plugins.
Preloading 0 native plugins for Editor in 0.00 ms.
Unloading 1110 Unused Serialized files (Serialized files now loaded: 0)
System memory in use before: 64.0 MB.
System memory in use after: 64.1 MB.

Unloading 5 unused Assets to reduce memory usage. Loaded Objects now: 1617.
Total: 2.009200 ms (FindLiveObjects: 0.172000 ms CreateObjectMapping: 0.075800 ms MarkObjects: 1.671000 ms  DeleteObjects: 0.089100 ms)

========================================================================
Received Prepare
Registering precompiled user dll's ...
Registered in 0.000755 seconds.
Begin MonoManager ReloadAssembly
Native extension for WindowsStandalone target not found
Native extension for WebGL target not found
Refreshing native plugins compatible for Editor in 0.35 ms, found 0 plugins.
Preloading 0 native plugins for Editor in 0.00 ms.
Mono: successfully reloaded assembly
- Completed reload, in  0.897 seconds
Platform modules already initialized, skipping
Refreshing native plugins compatible for Editor in 0.49 ms, found 0 plugins.
Preloading 0 native plugins for Editor in 0.00 ms.
Unloading 1110 Unused Serialized files (Serialized files now loaded: 0)
System memory in use before: 64.0 MB.
System memory in use after: 64.1 MB.

Unloading 5 unused Assets to reduce memory usage. Loaded Objects now: 1620.
Total: 3.964200 ms (FindLiveObjects: 0.643000 ms CreateObjectMapping: 0.339300 ms MarkObjects: 2.921200 ms  DeleteObjects: 0.058700 ms)

========================================================================
Received Prepare
Registering precompiled user dll's ...
Registered in 0.000585 seconds.
Begin MonoManager ReloadAssembly
Native extension for WindowsStandalone target not found
Native extension for WebGL target not found
Refreshing native plugins compatible for Editor in 0.51 ms, found 0 plugins.
Preloading 0 native plugins for Editor in 0.00 ms.
Mono: successfully reloaded assembly
- Completed reload, in  0.899 seconds
Platform modules already initialized, skipping
Refreshing native plugins compatible for Editor in 0.38 ms, found 0 plugins.
Preloading 0 native plugins for Editor in 0.00 ms.
Unloading 1110 Unused Serialized files (Serialized files now loaded: 0)
System memory in use before: 64.0 MB.
System memory in use after: 64.1 MB.

Unloading 5 unused Assets to reduce memory usage. Loaded Objects now: 1623.
Total: 1.836700 ms (FindLiveObjects: 0.152400 ms CreateObjectMapping: 0.045600 ms MarkObjects: 1.587400 ms  DeleteObjects: 0.050300 ms)

========================================================================
Received Prepare
Registering precompiled user dll's ...
Registered in 0.000544 seconds.
Begin MonoManager ReloadAssembly
Native extension for WindowsStandalone target not found
Native extension for WebGL target not found
Refreshing native plugins compatible for Editor in 0.26 ms, found 0 plugins.
Preloading 0 native plugins for Editor in 0.00 ms.
Mono: successfully reloaded assembly
- Completed reload, in  0.917 seconds
Platform modules already initialized, skipping
Refreshing native plugins compatible for Editor in 0.35 ms, found 0 plugins.
Preloading 0 native plugins for Editor in 0.00 ms.
Unloading 1110 Unused Serialized files (Serialized files now loaded: 0)
System memory in use before: 64.0 MB.
System memory in use after: 64.1 MB.

Unloading 5 unused Assets to reduce memory usage. Loaded Objects now: 1626.
Total: 2.227300 ms (FindLiveObjects: 0.135900 ms CreateObjectMapping: 0.035800 ms MarkObjects: 2.003700 ms  DeleteObjects: 0.050700 ms)

========================================================================
Received Prepare
Registering precompiled user dll's ...
Registered in 0.000482 seconds.
Begin MonoManager ReloadAssembly
Native extension for WindowsStandalone target not found
Native extension for WebGL target not found
Refreshing native plugins compatible for Editor in 0.22 ms, found 0 plugins.
Preloading 0 native plugins for Editor in 0.00 ms.
Mono: successfully reloaded assembly
- Completed reload, in  0.805 seconds
Platform modules already initialized, skipping
Refreshing native plugins compatible for Editor in 0.23 ms, found 0 plugins.
Preloading 0 native plugins for Editor in 0.00 ms.
Unloading 1110 Unused Serialized files (Serialized files now loaded: 0)
System memory in use before: 64.0 MB.
System memory in use after: 64.1 MB.

Unloading 5 unused Assets to reduce memory usage. Loaded Objects now: 1629.
Total: 1.720900 ms (FindLiveObjects: 0.201600 ms CreateObjectMapping: 0.037400 ms MarkObjects: 1.428900 ms  DeleteObjects: 0.051600 ms)

========================================================================
Received Prepare
Registering precompiled user dll's ...
Registered in 0.000442 seconds.
Begin MonoManager ReloadAssembly
Native extension for WindowsStandalone target not found
Native extension for WebGL target not found
Refreshing native plugins compatible for Editor in 0.33 ms, found 0 plugins.
Preloading 0 native plugins for Editor in 0.00 ms.
Mono: successfully reloaded assembly
- Completed reload, in  0.864 seconds
Platform modules already initialized, skipping
Switching build target platform(5) subTarget(0) extendedPlatform(0) -> platform(13) subTarget(537395200) extendedPlatform(0)
Refreshing native plugins compatible for Editor in 0.22 ms, found 0 plugins.
Preloading 0 native plugins for Editor in 0.00 ms.
Unloading 1114 Unused Serialized files (Serialized files now loaded: 0)
System memory in use before: 64.0 MB.
System memory in use after: 64.0 MB.

Unloading 5 unused Assets to reduce memory usage. Loaded Objects now: 1632.
Total: 1.600000 ms (FindLiveObjects: 0.132300 ms CreateObjectMapping: 0.037500 ms MarkObjects: 1.380000 ms  DeleteObjects: 0.049000 ms)

AssetImportParameters requested are different than current active one (requested -> active):
  custom:graphics/normal-map-encoding: 01000000000000000000000000000000 -> 02000000000000000000000000000000
========================================================================
Received Prepare
Refreshing native plugins compatible for Editor in 1.10 ms, found 0 plugins.
Preloading 0 native plugins for Editor in 0.00 ms.
Unloading 3 Unused Serialized files (Serialized files now loaded: 0)
System memory in use before: 42.0 MB.
System memory in use after: 42.1 MB.

Unloading 3 unused Assets to reduce memory usage. Loaded Objects now: 1632.
Total: 1.587300 ms (FindLiveObjects: 0.130500 ms CreateObjectMapping: 0.036200 ms MarkObjects: 1.371900 ms  DeleteObjects: 0.047600 ms)

========================================================================
Received Prepare
Refreshing native plugins compatible for Editor in 0.57 ms, found 0 plugins.
Preloading 0 native plugins for Editor in 0.00 ms.
Unloading 3 Unused Serialized files (Serialized files now loaded: 0)
System memory in use before: 42.0 MB.
System memory in use after: 42.1 MB.

Unloading 3 unused Assets to reduce memory usage. Loaded Objects now: 1632.
Total: 1.904900 ms (FindLiveObjects: 0.220400 ms CreateObjectMapping: 0.055000 ms MarkObjects: 1.554200 ms  DeleteObjects: 0.074200 ms)

AssetImportWorkerClient::OnTransportError - code=2 error=End of file
